<?xml version="1.0" encoding="UTF-8"?>
<!-- Generated by org.testng.reporters.JUnitReportReporter -->
<testsuite hostname="Mihil" failures="0" tests="1" name="test.Day2" time="0.001" errors="0" timestamp="2024-04-28T16:39:45 IST" skipped="0">
  <testcase classname="test.Day2" name="ploan" time="0.001"/>
  <system-out/>
</testsuite> <!-- test.Day2 -->
